[Wed Nov 30 00:41:17 2016] [debug] GET "/"
[Wed Nov 30 00:41:17 2016] [debug] Routing to a callback
[Wed Nov 30 00:41:17 2016] [debug] Rendering template "index.html.ep" from DATA section
[Wed Nov 30 00:41:17 2016] [debug] Rendering template "layouts/default.html.ep" from DATA section
[Wed Nov 30 00:41:17 2016] [debug] 200 OK (0.013079s, 76.458/s)
[Wed Nov 30 00:50:30 2016] [debug] GET "/"
[Wed Nov 30 00:50:30 2016] [debug] Routing to a callback
[Wed Nov 30 00:50:30 2016] [debug] Rendering template "index.html.ep" from DATA section
[Wed Nov 30 00:50:30 2016] [debug] Rendering template "layouts/default.html.ep" from DATA section
[Wed Nov 30 00:50:30 2016] [debug] 200 OK (0.023438s, 42.666/s)
[Wed Nov 30 00:50:30 2016] [debug] GET "/dist/css/bootstrap.min.css"
[Wed Nov 30 00:50:30 2016] [debug] Template "not_found.development.html.ep" not found
[Wed Nov 30 00:50:30 2016] [debug] Template "not_found.html.ep" not found
[Wed Nov 30 00:50:30 2016] [debug] Rendering template "mojo/debug.html.ep"
[Wed Nov 30 00:50:30 2016] [debug] Rendering template "mojo/menubar.html.ep"
[Wed Nov 30 00:50:30 2016] [debug] Your secret passphrase needs to be changed
[Wed Nov 30 00:50:30 2016] [debug] 404 Not Found (0.020452s, 48.895/s)
[Wed Nov 30 00:50:30 2016] [debug] GET "/assets/css/ie10-viewport-bug-workaround.css"
[Wed Nov 30 00:50:30 2016] [debug] Template "not_found.development.html.ep" not found
[Wed Nov 30 00:50:30 2016] [debug] Template "not_found.html.ep" not found
[Wed Nov 30 00:50:30 2016] [debug] Rendering cached template "mojo/debug.html.ep"
[Wed Nov 30 00:50:30 2016] [debug] Rendering cached template "mojo/menubar.html.ep"
[Wed Nov 30 00:50:30 2016] [debug] 404 Not Found (0.003972s, 251.762/s)
[Wed Nov 30 00:50:30 2016] [debug] GET "/assets/js/ie-emulation-modes-warning.js"
[Wed Nov 30 00:50:30 2016] [debug] Template "not_found.development.html.ep" not found
[Wed Nov 30 00:50:30 2016] [debug] Template "not_found.html.ep" not found
[Wed Nov 30 00:50:30 2016] [debug] Rendering cached template "mojo/debug.html.ep"
[Wed Nov 30 00:50:30 2016] [debug] Rendering cached template "mojo/menubar.html.ep"
[Wed Nov 30 00:50:30 2016] [debug] 404 Not Found (0.003832s, 260.960/s)
[Wed Nov 30 00:50:30 2016] [debug] GET "/starter-template.css"
[Wed Nov 30 00:50:30 2016] [debug] Template "not_found.development.html.ep" not found
[Wed Nov 30 00:50:30 2016] [debug] Template "not_found.html.ep" not found
[Wed Nov 30 00:50:30 2016] [debug] Rendering cached template "mojo/debug.html.ep"
[Wed Nov 30 00:50:30 2016] [debug] Rendering cached template "mojo/menubar.html.ep"
[Wed Nov 30 00:50:30 2016] [debug] 404 Not Found (0.003948s, 253.293/s)
[Wed Nov 30 00:52:43 2016] [debug] GET "/"
[Wed Nov 30 00:52:43 2016] [debug] Routing to a callback
[Wed Nov 30 00:52:43 2016] [debug] Rendering template "index.html.ep" from DATA section
[Wed Nov 30 00:52:43 2016] [debug] Rendering template "layouts/footer.html.ep" from DATA section
[Wed Nov 30 00:52:43 2016] [debug] 200 OK (0.015996s, 62.516/s)
[Wed Nov 30 00:52:44 2016] [debug] GET "/dist/js/bootstrap.min.js"
[Wed Nov 30 00:52:44 2016] [debug] Template "not_found.development.html.ep" not found
[Wed Nov 30 00:52:44 2016] [debug] Template "not_found.html.ep" not found
[Wed Nov 30 00:52:44 2016] [debug] Rendering template "mojo/debug.html.ep"
[Wed Nov 30 00:52:44 2016] [debug] Rendering template "mojo/menubar.html.ep"
[Wed Nov 30 00:52:44 2016] [debug] Your secret passphrase needs to be changed
[Wed Nov 30 00:52:44 2016] [debug] 404 Not Found (0.018332s, 54.549/s)
[Wed Nov 30 00:52:44 2016] [debug] GET "/assets/js/ie10-viewport-bug-workaround.js"
[Wed Nov 30 00:52:44 2016] [debug] Template "not_found.development.html.ep" not found
[Wed Nov 30 00:52:44 2016] [debug] Template "not_found.html.ep" not found
[Wed Nov 30 00:52:44 2016] [debug] Rendering cached template "mojo/debug.html.ep"
[Wed Nov 30 00:52:44 2016] [debug] Rendering cached template "mojo/menubar.html.ep"
[Wed Nov 30 00:52:44 2016] [debug] 404 Not Found (0.004123s, 242.542/s)
[Wed Nov 30 00:52:44 2016] [debug] GET "/dist/js/bootstrap.min.js"
[Wed Nov 30 00:52:44 2016] [debug] Template "not_found.development.html.ep" not found
[Wed Nov 30 00:52:44 2016] [debug] Template "not_found.html.ep" not found
[Wed Nov 30 00:52:44 2016] [debug] Rendering cached template "mojo/debug.html.ep"
[Wed Nov 30 00:52:44 2016] [debug] Rendering cached template "mojo/menubar.html.ep"
[Wed Nov 30 00:52:44 2016] [debug] 404 Not Found (0.004018s, 248.880/s)
[Wed Nov 30 00:52:44 2016] [debug] GET "/assets/js/ie10-viewport-bug-workaround.js"
[Wed Nov 30 00:52:44 2016] [debug] Template "not_found.development.html.ep" not found
[Wed Nov 30 00:52:44 2016] [debug] Template "not_found.html.ep" not found
[Wed Nov 30 00:52:44 2016] [debug] Rendering cached template "mojo/debug.html.ep"
[Wed Nov 30 00:52:44 2016] [debug] Rendering cached template "mojo/menubar.html.ep"
[Wed Nov 30 00:52:44 2016] [debug] 404 Not Found (0.004474s, 223.514/s)
[Wed Nov 30 00:52:49 2016] [debug] GET "/"
[Wed Nov 30 00:52:49 2016] [debug] Routing to a callback
[Wed Nov 30 00:52:49 2016] [debug] Rendering cached template "index.html.ep" from DATA section
[Wed Nov 30 00:52:49 2016] [debug] Rendering cached template "layouts/footer.html.ep" from DATA section
[Wed Nov 30 00:52:49 2016] [debug] 200 OK (0.000672s, 1488.095/s)
[Wed Nov 30 00:52:49 2016] [debug] GET "/dist/js/bootstrap.min.js"
[Wed Nov 30 00:52:49 2016] [debug] Template "not_found.development.html.ep" not found
[Wed Nov 30 00:52:49 2016] [debug] Template "not_found.html.ep" not found
[Wed Nov 30 00:52:49 2016] [debug] Rendering cached template "mojo/debug.html.ep"
[Wed Nov 30 00:52:49 2016] [debug] Rendering cached template "mojo/menubar.html.ep"
[Wed Nov 30 00:52:49 2016] [debug] 404 Not Found (0.00509s, 196.464/s)
[Wed Nov 30 00:52:49 2016] [debug] GET "/assets/js/ie10-viewport-bug-workaround.js"
[Wed Nov 30 00:52:49 2016] [debug] Template "not_found.development.html.ep" not found
[Wed Nov 30 00:52:49 2016] [debug] Template "not_found.html.ep" not found
[Wed Nov 30 00:52:49 2016] [debug] Rendering cached template "mojo/debug.html.ep"
[Wed Nov 30 00:52:49 2016] [debug] Rendering cached template "mojo/menubar.html.ep"
[Wed Nov 30 00:52:49 2016] [debug] 404 Not Found (0.004297s, 232.721/s)
[Wed Nov 30 00:52:49 2016] [debug] GET "/dist/js/bootstrap.min.js"
[Wed Nov 30 00:52:49 2016] [debug] Template "not_found.development.html.ep" not found
[Wed Nov 30 00:52:49 2016] [debug] Template "not_found.html.ep" not found
[Wed Nov 30 00:52:49 2016] [debug] Rendering cached template "mojo/debug.html.ep"
[Wed Nov 30 00:52:49 2016] [debug] Rendering cached template "mojo/menubar.html.ep"
[Wed Nov 30 00:52:49 2016] [debug] 404 Not Found (0.004218s, 237.079/s)
[Wed Nov 30 00:52:49 2016] [debug] GET "/assets/js/ie10-viewport-bug-workaround.js"
[Wed Nov 30 00:52:49 2016] [debug] Template "not_found.development.html.ep" not found
[Wed Nov 30 00:52:49 2016] [debug] Template "not_found.html.ep" not found
[Wed Nov 30 00:52:49 2016] [debug] Rendering cached template "mojo/debug.html.ep"
[Wed Nov 30 00:52:49 2016] [debug] Rendering cached template "mojo/menubar.html.ep"
[Wed Nov 30 00:52:49 2016] [debug] 404 Not Found (0.00433s, 230.947/s)
[Wed Nov 30 01:08:46 2016] [debug] GET "/"
[Wed Nov 30 01:08:46 2016] [debug] Routing to a callback
[Wed Nov 30 01:08:46 2016] [debug] Rendering template "index.html.ep" from DATA section
[Wed Nov 30 01:08:46 2016] [debug] Rendering template "layouts/default.html.ep" from DATA section
[Wed Nov 30 01:08:46 2016] [debug] 200 OK (0.019062s, 52.460/s)
[Wed Nov 30 01:08:46 2016] [debug] GET "/public/css/bootstrap.min.css"
[Wed Nov 30 01:08:46 2016] [debug] Template "not_found.development.html.ep" not found
[Wed Nov 30 01:08:46 2016] [debug] Template "not_found.html.ep" not found
[Wed Nov 30 01:08:46 2016] [debug] Rendering template "mojo/debug.html.ep"
[Wed Nov 30 01:08:46 2016] [debug] Rendering template "mojo/menubar.html.ep"
[Wed Nov 30 01:08:46 2016] [debug] Your secret passphrase needs to be changed
[Wed Nov 30 01:08:46 2016] [debug] 404 Not Found (0.018657s, 53.599/s)
[Wed Nov 30 01:08:46 2016] [debug] GET "/public/js/ie10-viewport-bug-workaround.js"
[Wed Nov 30 01:08:46 2016] [debug] Template "not_found.development.html.ep" not found
[Wed Nov 30 01:08:46 2016] [debug] Template "not_found.html.ep" not found
[Wed Nov 30 01:08:46 2016] [debug] Rendering cached template "mojo/debug.html.ep"
[Wed Nov 30 01:08:46 2016] [debug] Rendering cached template "mojo/menubar.html.ep"
[Wed Nov 30 01:08:46 2016] [debug] 404 Not Found (0.00403s, 248.139/s)
[Wed Nov 30 01:08:46 2016] [debug] GET "/public/js/bootstrap.min.js"
[Wed Nov 30 01:08:46 2016] [debug] Template "not_found.development.html.ep" not found
[Wed Nov 30 01:08:46 2016] [debug] Template "not_found.html.ep" not found
[Wed Nov 30 01:08:46 2016] [debug] Rendering cached template "mojo/debug.html.ep"
[Wed Nov 30 01:08:46 2016] [debug] Rendering cached template "mojo/menubar.html.ep"
[Wed Nov 30 01:08:46 2016] [debug] 404 Not Found (0.004153s, 240.790/s)
[Wed Nov 30 01:08:46 2016] [debug] GET "/public/js/ie-emulation-modes-warning.js"
[Wed Nov 30 01:08:46 2016] [debug] Template "not_found.development.html.ep" not found
[Wed Nov 30 01:08:46 2016] [debug] Template "not_found.html.ep" not found
[Wed Nov 30 01:08:46 2016] [debug] Rendering cached template "mojo/debug.html.ep"
[Wed Nov 30 01:08:46 2016] [debug] Rendering cached template "mojo/menubar.html.ep"
[Wed Nov 30 01:08:46 2016] [debug] 404 Not Found (0.004079s, 245.158/s)
[Wed Nov 30 01:08:46 2016] [debug] GET "/public/css/ie10-viewport-bug-workaround.css"
[Wed Nov 30 01:08:46 2016] [debug] Template "not_found.development.html.ep" not found
[Wed Nov 30 01:08:46 2016] [debug] Template "not_found.html.ep" not found
[Wed Nov 30 01:08:46 2016] [debug] Rendering cached template "mojo/debug.html.ep"
[Wed Nov 30 01:08:46 2016] [debug] Rendering cached template "mojo/menubar.html.ep"
[Wed Nov 30 01:08:46 2016] [debug] 404 Not Found (0.004164s, 240.154/s)
[Wed Nov 30 01:08:47 2016] [debug] GET "/public/js/bootstrap.min.js"
[Wed Nov 30 01:08:47 2016] [debug] Template "not_found.development.html.ep" not found
[Wed Nov 30 01:08:47 2016] [debug] Template "not_found.html.ep" not found
[Wed Nov 30 01:08:47 2016] [debug] Rendering cached template "mojo/debug.html.ep"
[Wed Nov 30 01:08:47 2016] [debug] Rendering cached template "mojo/menubar.html.ep"
[Wed Nov 30 01:08:47 2016] [debug] 404 Not Found (0.005621s, 177.904/s)
[Wed Nov 30 01:08:47 2016] [debug] GET "/public/js/ie10-viewport-bug-workaround.js"
[Wed Nov 30 01:08:47 2016] [debug] Template "not_found.development.html.ep" not found
[Wed Nov 30 01:08:47 2016] [debug] Template "not_found.html.ep" not found
[Wed Nov 30 01:08:47 2016] [debug] Rendering cached template "mojo/debug.html.ep"
[Wed Nov 30 01:08:47 2016] [debug] Rendering cached template "mojo/menubar.html.ep"
[Wed Nov 30 01:08:47 2016] [debug] 404 Not Found (0.004586s, 218.055/s)
[Wed Nov 30 01:10:32 2016] [debug] GET "/"
[Wed Nov 30 01:10:32 2016] [debug] Routing to a callback
[Wed Nov 30 01:10:32 2016] [debug] Rendering cached template "index.html.ep" from DATA section
[Wed Nov 30 01:10:32 2016] [debug] Rendering cached template "layouts/default.html.ep" from DATA section
[Wed Nov 30 01:10:32 2016] [debug] 200 OK (0.001007s, 993.049/s)
[Wed Nov 30 01:10:32 2016] [debug] GET "/public/css/bootstrap.min.css"
[Wed Nov 30 01:10:32 2016] [debug] Template "not_found.development.html.ep" not found
[Wed Nov 30 01:10:32 2016] [debug] Template "not_found.html.ep" not found
[Wed Nov 30 01:10:32 2016] [debug] Rendering cached template "mojo/debug.html.ep"
[Wed Nov 30 01:10:32 2016] [debug] Rendering cached template "mojo/menubar.html.ep"
[Wed Nov 30 01:10:32 2016] [debug] 404 Not Found (0.006029s, 165.865/s)
[Wed Nov 30 01:10:32 2016] [debug] GET "/public/js/bootstrap.min.js"
[Wed Nov 30 01:10:32 2016] [debug] Template "not_found.development.html.ep" not found
[Wed Nov 30 01:10:32 2016] [debug] Template "not_found.html.ep" not found
[Wed Nov 30 01:10:32 2016] [debug] Rendering cached template "mojo/debug.html.ep"
[Wed Nov 30 01:10:32 2016] [debug] Rendering cached template "mojo/menubar.html.ep"
[Wed Nov 30 01:10:32 2016] [debug] 404 Not Found (0.004833s, 206.911/s)
[Wed Nov 30 01:10:32 2016] [debug] GET "/public/js/ie10-viewport-bug-workaround.js"
[Wed Nov 30 01:10:32 2016] [debug] Template "not_found.development.html.ep" not found
[Wed Nov 30 01:10:32 2016] [debug] Template "not_found.html.ep" not found
[Wed Nov 30 01:10:32 2016] [debug] Rendering cached template "mojo/debug.html.ep"
[Wed Nov 30 01:10:32 2016] [debug] Rendering cached template "mojo/menubar.html.ep"
[Wed Nov 30 01:10:32 2016] [debug] 404 Not Found (0.004449s, 224.770/s)
[Wed Nov 30 01:10:32 2016] [debug] GET "/public/js/ie-emulation-modes-warning.js"
[Wed Nov 30 01:10:32 2016] [debug] Template "not_found.development.html.ep" not found
[Wed Nov 30 01:10:32 2016] [debug] Template "not_found.html.ep" not found
[Wed Nov 30 01:10:32 2016] [debug] Rendering cached template "mojo/debug.html.ep"
[Wed Nov 30 01:10:32 2016] [debug] Rendering cached template "mojo/menubar.html.ep"
[Wed Nov 30 01:10:32 2016] [debug] 404 Not Found (0.004281s, 233.590/s)
[Wed Nov 30 01:10:32 2016] [debug] GET "/public/css/ie10-viewport-bug-workaround.css"
[Wed Nov 30 01:10:32 2016] [debug] Template "not_found.development.html.ep" not found
[Wed Nov 30 01:10:32 2016] [debug] Template "not_found.html.ep" not found
[Wed Nov 30 01:10:32 2016] [debug] Rendering cached template "mojo/debug.html.ep"
[Wed Nov 30 01:10:32 2016] [debug] Rendering cached template "mojo/menubar.html.ep"
[Wed Nov 30 01:10:32 2016] [debug] 404 Not Found (0.004352s, 229.779/s)
[Wed Nov 30 01:10:33 2016] [debug] GET "/public/js/bootstrap.min.js"
[Wed Nov 30 01:10:33 2016] [debug] Template "not_found.development.html.ep" not found
[Wed Nov 30 01:10:33 2016] [debug] Template "not_found.html.ep" not found
[Wed Nov 30 01:10:33 2016] [debug] Rendering cached template "mojo/debug.html.ep"
[Wed Nov 30 01:10:33 2016] [debug] Rendering cached template "mojo/menubar.html.ep"
[Wed Nov 30 01:10:33 2016] [debug] 404 Not Found (0.004565s, 219.058/s)
[Wed Nov 30 01:10:33 2016] [debug] GET "/public/js/ie10-viewport-bug-workaround.js"
[Wed Nov 30 01:10:33 2016] [debug] Template "not_found.development.html.ep" not found
[Wed Nov 30 01:10:33 2016] [debug] Template "not_found.html.ep" not found
[Wed Nov 30 01:10:33 2016] [debug] Rendering cached template "mojo/debug.html.ep"
[Wed Nov 30 01:10:33 2016] [debug] Rendering cached template "mojo/menubar.html.ep"
[Wed Nov 30 01:10:33 2016] [debug] 404 Not Found (0.005027s, 198.926/s)
[Wed Nov 30 01:10:40 2016] [debug] GET "/"
[Wed Nov 30 01:10:40 2016] [debug] Routing to a callback
[Wed Nov 30 01:10:40 2016] [debug] Rendering cached template "index.html.ep" from DATA section
[Wed Nov 30 01:10:40 2016] [debug] Rendering cached template "layouts/default.html.ep" from DATA section
[Wed Nov 30 01:10:40 2016] [debug] 200 OK (0.000576s, 1736.111/s)
[Wed Nov 30 01:10:40 2016] [debug] GET "/public/css/bootstrap.min.css"
[Wed Nov 30 01:10:40 2016] [debug] Template "not_found.development.html.ep" not found
[Wed Nov 30 01:10:40 2016] [debug] Template "not_found.html.ep" not found
[Wed Nov 30 01:10:40 2016] [debug] Rendering cached template "mojo/debug.html.ep"
[Wed Nov 30 01:10:40 2016] [debug] Rendering cached template "mojo/menubar.html.ep"
[Wed Nov 30 01:10:40 2016] [debug] 404 Not Found (0.004065s, 246.002/s)
[Wed Nov 30 01:10:40 2016] [debug] GET "/public/js/bootstrap.min.js"
[Wed Nov 30 01:10:40 2016] [debug] Template "not_found.development.html.ep" not found
[Wed Nov 30 01:10:40 2016] [debug] Template "not_found.html.ep" not found
[Wed Nov 30 01:10:40 2016] [debug] Rendering cached template "mojo/debug.html.ep"
[Wed Nov 30 01:10:40 2016] [debug] Rendering cached template "mojo/menubar.html.ep"
[Wed Nov 30 01:10:40 2016] [debug] 404 Not Found (0.003443s, 290.444/s)
[Wed Nov 30 01:10:40 2016] [debug] GET "/public/css/ie10-viewport-bug-workaround.css"
[Wed Nov 30 01:10:40 2016] [debug] Template "not_found.development.html.ep" not found
[Wed Nov 30 01:10:40 2016] [debug] Template "not_found.html.ep" not found
[Wed Nov 30 01:10:40 2016] [debug] Rendering cached template "mojo/debug.html.ep"
[Wed Nov 30 01:10:40 2016] [debug] Rendering cached template "mojo/menubar.html.ep"
[Wed Nov 30 01:10:40 2016] [debug] 404 Not Found (0.003412s, 293.083/s)
[Wed Nov 30 01:10:40 2016] [debug] GET "/public/js/ie-emulation-modes-warning.js"
[Wed Nov 30 01:10:40 2016] [debug] Template "not_found.development.html.ep" not found
[Wed Nov 30 01:10:40 2016] [debug] Template "not_found.html.ep" not found
[Wed Nov 30 01:10:40 2016] [debug] Rendering cached template "mojo/debug.html.ep"
[Wed Nov 30 01:10:40 2016] [debug] Rendering cached template "mojo/menubar.html.ep"
[Wed Nov 30 01:10:40 2016] [debug] 404 Not Found (0.00339s, 294.985/s)
[Wed Nov 30 01:10:40 2016] [debug] GET "/public/js/ie10-viewport-bug-workaround.js"
[Wed Nov 30 01:10:40 2016] [debug] Template "not_found.development.html.ep" not found
[Wed Nov 30 01:10:40 2016] [debug] Template "not_found.html.ep" not found
[Wed Nov 30 01:10:40 2016] [debug] Rendering cached template "mojo/debug.html.ep"
[Wed Nov 30 01:10:40 2016] [debug] Rendering cached template "mojo/menubar.html.ep"
[Wed Nov 30 01:10:40 2016] [debug] 404 Not Found (0.003404s, 293.772/s)
[Wed Nov 30 01:10:40 2016] [debug] GET "/public/js/bootstrap.min.js"
[Wed Nov 30 01:10:40 2016] [debug] Template "not_found.development.html.ep" not found
[Wed Nov 30 01:10:40 2016] [debug] Template "not_found.html.ep" not found
[Wed Nov 30 01:10:40 2016] [debug] Rendering cached template "mojo/debug.html.ep"
[Wed Nov 30 01:10:40 2016] [debug] Rendering cached template "mojo/menubar.html.ep"
[Wed Nov 30 01:10:40 2016] [debug] 404 Not Found (0.004075s, 245.399/s)
[Wed Nov 30 01:10:40 2016] [debug] GET "/public/js/ie10-viewport-bug-workaround.js"
[Wed Nov 30 01:10:40 2016] [debug] Template "not_found.development.html.ep" not found
[Wed Nov 30 01:10:40 2016] [debug] Template "not_found.html.ep" not found
[Wed Nov 30 01:10:40 2016] [debug] Rendering cached template "mojo/debug.html.ep"
[Wed Nov 30 01:10:40 2016] [debug] Rendering cached template "mojo/menubar.html.ep"
[Wed Nov 30 01:10:40 2016] [debug] 404 Not Found (0.003975s, 251.572/s)
[Thu Dec  1 12:10:45 2016] [debug] GET "/"
[Thu Dec  1 12:10:45 2016] [debug] Routing to a callback
[Thu Dec  1 12:10:45 2016] [debug] Rendering template "index.html.ep" from DATA section
[Thu Dec  1 12:10:45 2016] [debug] Rendering template "layouts/default.html.ep" from DATA section
[Thu Dec  1 12:10:45 2016] [debug] 200 OK (0.017686s, 56.542/s)
[Thu Dec  1 12:10:45 2016] [debug] GET "/public/css/bootstrap.min.css"
[Thu Dec  1 12:10:45 2016] [debug] Template "not_found.development.html.ep" not found
[Thu Dec  1 12:10:45 2016] [debug] Template "not_found.html.ep" not found
[Thu Dec  1 12:10:45 2016] [debug] Rendering template "mojo/debug.html.ep"
[Thu Dec  1 12:10:45 2016] [debug] Rendering template "mojo/menubar.html.ep"
[Thu Dec  1 12:10:45 2016] [debug] Your secret passphrase needs to be changed
[Thu Dec  1 12:10:45 2016] [debug] 404 Not Found (0.015423s, 64.838/s)
[Thu Dec  1 12:10:45 2016] [debug] GET "/public/js/ie-emulation-modes-warning.js"
[Thu Dec  1 12:10:45 2016] [debug] Template "not_found.development.html.ep" not found
[Thu Dec  1 12:10:45 2016] [debug] Template "not_found.html.ep" not found
[Thu Dec  1 12:10:45 2016] [debug] Rendering cached template "mojo/debug.html.ep"
[Thu Dec  1 12:10:45 2016] [debug] Rendering cached template "mojo/menubar.html.ep"
[Thu Dec  1 12:10:45 2016] [debug] 404 Not Found (0.003412s, 293.083/s)
[Thu Dec  1 12:10:45 2016] [debug] GET "/public/css/ie10-viewport-bug-workaround.css"
[Thu Dec  1 12:10:45 2016] [debug] Template "not_found.development.html.ep" not found
[Thu Dec  1 12:10:45 2016] [debug] Template "not_found.html.ep" not found
[Thu Dec  1 12:10:45 2016] [debug] Rendering cached template "mojo/debug.html.ep"
[Thu Dec  1 12:10:45 2016] [debug] Rendering cached template "mojo/menubar.html.ep"
[Thu Dec  1 12:10:45 2016] [debug] 404 Not Found (0.003196s, 312.891/s)
[Thu Dec  1 12:10:45 2016] [debug] GET "/public/js/ie10-viewport-bug-workaround.js"
[Thu Dec  1 12:10:45 2016] [debug] Template "not_found.development.html.ep" not found
[Thu Dec  1 12:10:45 2016] [debug] Template "not_found.html.ep" not found
[Thu Dec  1 12:10:45 2016] [debug] Rendering cached template "mojo/debug.html.ep"
[Thu Dec  1 12:10:45 2016] [debug] Rendering cached template "mojo/menubar.html.ep"
[Thu Dec  1 12:10:45 2016] [debug] 404 Not Found (0.00336s, 297.619/s)
[Thu Dec  1 12:10:45 2016] [debug] GET "/public/js/bootstrap.min.js"
[Thu Dec  1 12:10:45 2016] [debug] Template "not_found.development.html.ep" not found
[Thu Dec  1 12:10:45 2016] [debug] Template "not_found.html.ep" not found
[Thu Dec  1 12:10:45 2016] [debug] Rendering cached template "mojo/debug.html.ep"
[Thu Dec  1 12:10:45 2016] [debug] Rendering cached template "mojo/menubar.html.ep"
[Thu Dec  1 12:10:45 2016] [debug] 404 Not Found (0.003205s, 312.012/s)
[Thu Dec  1 12:10:45 2016] [debug] GET "/public/js/bootstrap.min.js"
[Thu Dec  1 12:10:45 2016] [debug] Template "not_found.development.html.ep" not found
[Thu Dec  1 12:10:45 2016] [debug] Template "not_found.html.ep" not found
[Thu Dec  1 12:10:45 2016] [debug] Rendering cached template "mojo/debug.html.ep"
[Thu Dec  1 12:10:45 2016] [debug] Rendering cached template "mojo/menubar.html.ep"
[Thu Dec  1 12:10:45 2016] [debug] 404 Not Found (0.003261s, 306.654/s)
[Thu Dec  1 12:10:45 2016] [debug] GET "/public/js/ie10-viewport-bug-workaround.js"
[Thu Dec  1 12:10:45 2016] [debug] Template "not_found.development.html.ep" not found
[Thu Dec  1 12:10:45 2016] [debug] Template "not_found.html.ep" not found
[Thu Dec  1 12:10:45 2016] [debug] Rendering cached template "mojo/debug.html.ep"
[Thu Dec  1 12:10:45 2016] [debug] Rendering cached template "mojo/menubar.html.ep"
[Thu Dec  1 12:10:45 2016] [debug] 404 Not Found (0.003174s, 315.060/s)
[Thu Dec  1 12:10:47 2016] [debug] GET "/"
[Thu Dec  1 12:10:47 2016] [debug] Routing to a callback
[Thu Dec  1 12:10:47 2016] [debug] Rendering cached template "index.html.ep" from DATA section
[Thu Dec  1 12:10:47 2016] [debug] Rendering cached template "layouts/default.html.ep" from DATA section
[Thu Dec  1 12:10:47 2016] [debug] 200 OK (0.000609s, 1642.036/s)
[Thu Dec  1 12:10:47 2016] [debug] GET "/public/css/bootstrap.min.css"
[Thu Dec  1 12:10:47 2016] [debug] Template "not_found.development.html.ep" not found
[Thu Dec  1 12:10:47 2016] [debug] Template "not_found.html.ep" not found
[Thu Dec  1 12:10:47 2016] [debug] Rendering cached template "mojo/debug.html.ep"
[Thu Dec  1 12:10:47 2016] [debug] Rendering cached template "mojo/menubar.html.ep"
[Thu Dec  1 12:10:47 2016] [debug] 404 Not Found (0.004038s, 247.647/s)
[Thu Dec  1 12:10:48 2016] [debug] GET "/public/css/ie10-viewport-bug-workaround.css"
[Thu Dec  1 12:10:48 2016] [debug] Template "not_found.development.html.ep" not found
[Thu Dec  1 12:10:48 2016] [debug] Template "not_found.html.ep" not found
[Thu Dec  1 12:10:48 2016] [debug] Rendering cached template "mojo/debug.html.ep"
[Thu Dec  1 12:10:48 2016] [debug] Rendering cached template "mojo/menubar.html.ep"
[Thu Dec  1 12:10:48 2016] [debug] 404 Not Found (0.004692s, 213.129/s)
[Thu Dec  1 12:10:48 2016] [debug] GET "/public/js/ie-emulation-modes-warning.js"
[Thu Dec  1 12:10:48 2016] [debug] Template "not_found.development.html.ep" not found
[Thu Dec  1 12:10:48 2016] [debug] Template "not_found.html.ep" not found
[Thu Dec  1 12:10:48 2016] [debug] Rendering cached template "mojo/debug.html.ep"
[Thu Dec  1 12:10:48 2016] [debug] Rendering cached template "mojo/menubar.html.ep"
[Thu Dec  1 12:10:48 2016] [debug] 404 Not Found (0.003976s, 251.509/s)
[Thu Dec  1 12:10:48 2016] [debug] GET "/public/js/bootstrap.min.js"
[Thu Dec  1 12:10:48 2016] [debug] Template "not_found.development.html.ep" not found
[Thu Dec  1 12:10:48 2016] [debug] Template "not_found.html.ep" not found
[Thu Dec  1 12:10:48 2016] [debug] Rendering cached template "mojo/debug.html.ep"
[Thu Dec  1 12:10:48 2016] [debug] Rendering cached template "mojo/menubar.html.ep"
[Thu Dec  1 12:10:48 2016] [debug] 404 Not Found (0.005266s, 189.897/s)
[Thu Dec  1 12:10:48 2016] [debug] GET "/public/js/ie10-viewport-bug-workaround.js"
[Thu Dec  1 12:10:48 2016] [debug] Template "not_found.development.html.ep" not found
[Thu Dec  1 12:10:48 2016] [debug] Template "not_found.html.ep" not found
[Thu Dec  1 12:10:48 2016] [debug] Rendering cached template "mojo/debug.html.ep"
[Thu Dec  1 12:10:48 2016] [debug] Rendering cached template "mojo/menubar.html.ep"
[Thu Dec  1 12:10:48 2016] [debug] 404 Not Found (0.003444s, 290.360/s)
[Thu Dec  1 12:11:08 2016] [debug] GET "/"
[Thu Dec  1 12:11:08 2016] [debug] Routing to a callback
[Thu Dec  1 12:11:08 2016] [debug] Rendering cached template "index.html.ep" from DATA section
[Thu Dec  1 12:11:08 2016] [debug] Rendering cached template "layouts/default.html.ep" from DATA section
[Thu Dec  1 12:11:08 2016] [debug] 200 OK (0.000657s, 1522.070/s)
[Thu Dec  1 12:22:18 2016] [debug] GET "/"
[Thu Dec  1 12:22:18 2016] [debug] Routing to a callback
[Thu Dec  1 12:22:18 2016] [debug] Rendering cached template "index.html.ep" from DATA section
[Thu Dec  1 12:22:18 2016] [debug] Rendering cached template "layouts/default.html.ep" from DATA section
[Thu Dec  1 12:22:18 2016] [debug] 200 OK (0.000562s, 1779.359/s)
[Thu Dec  1 12:22:18 2016] [debug] GET "/public/css/bootstrap.min.css"
[Thu Dec  1 12:22:18 2016] [debug] Template "not_found.development.html.ep" not found
[Thu Dec  1 12:22:18 2016] [debug] Template "not_found.html.ep" not found
[Thu Dec  1 12:22:18 2016] [debug] Rendering cached template "mojo/debug.html.ep"
[Thu Dec  1 12:22:18 2016] [debug] Rendering cached template "mojo/menubar.html.ep"
[Thu Dec  1 12:22:18 2016] [debug] 404 Not Found (0.003962s, 252.398/s)
[Thu Dec  1 12:22:18 2016] [debug] GET "/public/css/ie10-viewport-bug-workaround.css"
[Thu Dec  1 12:22:18 2016] [debug] Template "not_found.development.html.ep" not found
[Thu Dec  1 12:22:18 2016] [debug] Template "not_found.html.ep" not found
[Thu Dec  1 12:22:18 2016] [debug] Rendering cached template "mojo/debug.html.ep"
[Thu Dec  1 12:22:18 2016] [debug] Rendering cached template "mojo/menubar.html.ep"
[Thu Dec  1 12:22:18 2016] [debug] 404 Not Found (0.003404s, 293.772/s)
[Thu Dec  1 12:22:18 2016] [debug] GET "/public/js/ie-emulation-modes-warning.js"
[Thu Dec  1 12:22:18 2016] [debug] Template "not_found.development.html.ep" not found
[Thu Dec  1 12:22:18 2016] [debug] Template "not_found.html.ep" not found
[Thu Dec  1 12:22:18 2016] [debug] Rendering cached template "mojo/debug.html.ep"
[Thu Dec  1 12:22:18 2016] [debug] Rendering cached template "mojo/menubar.html.ep"
[Thu Dec  1 12:22:18 2016] [debug] 404 Not Found (0.003373s, 296.472/s)
[Thu Dec  1 12:22:18 2016] [debug] GET "/public/js/bootstrap.min.js"
[Thu Dec  1 12:22:18 2016] [debug] Template "not_found.development.html.ep" not found
[Thu Dec  1 12:22:18 2016] [debug] Template "not_found.html.ep" not found
[Thu Dec  1 12:22:18 2016] [debug] Rendering cached template "mojo/debug.html.ep"
[Thu Dec  1 12:22:18 2016] [debug] Rendering cached template "mojo/menubar.html.ep"
[Thu Dec  1 12:22:18 2016] [debug] 404 Not Found (0.003377s, 296.121/s)
[Thu Dec  1 12:22:18 2016] [debug] GET "/public/js/ie10-viewport-bug-workaround.js"
[Thu Dec  1 12:22:18 2016] [debug] Template "not_found.development.html.ep" not found
[Thu Dec  1 12:22:18 2016] [debug] Template "not_found.html.ep" not found
[Thu Dec  1 12:22:18 2016] [debug] Rendering cached template "mojo/debug.html.ep"
[Thu Dec  1 12:22:18 2016] [debug] Rendering cached template "mojo/menubar.html.ep"
[Thu Dec  1 12:22:18 2016] [debug] 404 Not Found (0.003372s, 296.560/s)
[Thu Dec  1 12:22:18 2016] [debug] GET "/public/js/ie10-viewport-bug-workaround.js"
[Thu Dec  1 12:22:18 2016] [debug] Template "not_found.development.html.ep" not found
[Thu Dec  1 12:22:18 2016] [debug] Template "not_found.html.ep" not found
[Thu Dec  1 12:22:18 2016] [debug] Rendering cached template "mojo/debug.html.ep"
[Thu Dec  1 12:22:18 2016] [debug] Rendering cached template "mojo/menubar.html.ep"
[Thu Dec  1 12:22:18 2016] [debug] 404 Not Found (0.003434s, 291.206/s)
[Thu Dec  1 16:44:29 2016] [debug] GET "/"
[Thu Dec  1 16:44:29 2016] [debug] Routing to a callback
[Thu Dec  1 16:44:29 2016] [debug] Rendering cached template "index.html.ep" from DATA section
[Thu Dec  1 16:44:29 2016] [debug] Rendering cached template "layouts/default.html.ep" from DATA section
[Thu Dec  1 16:44:29 2016] [debug] 200 OK (0.000585s, 1709.402/s)
[Thu Dec  1 16:44:29 2016] [debug] GET "/public/css/bootstrap.min.css"
[Thu Dec  1 16:44:29 2016] [debug] Template "not_found.development.html.ep" not found
[Thu Dec  1 16:44:29 2016] [debug] Template "not_found.html.ep" not found
[Thu Dec  1 16:44:29 2016] [debug] Rendering cached template "mojo/debug.html.ep"
[Thu Dec  1 16:44:29 2016] [debug] Rendering cached template "mojo/menubar.html.ep"
[Thu Dec  1 16:44:29 2016] [debug] 404 Not Found (0.00393s, 254.453/s)
[Thu Dec  1 16:44:29 2016] [debug] GET "/public/js/bootstrap.min.js"
[Thu Dec  1 16:44:29 2016] [debug] Template "not_found.development.html.ep" not found
[Thu Dec  1 16:44:29 2016] [debug] Template "not_found.html.ep" not found
[Thu Dec  1 16:44:29 2016] [debug] Rendering cached template "mojo/debug.html.ep"
[Thu Dec  1 16:44:29 2016] [debug] Rendering cached template "mojo/menubar.html.ep"
[Thu Dec  1 16:44:29 2016] [debug] 404 Not Found (0.003589s, 278.629/s)
[Thu Dec  1 16:44:29 2016] [debug] GET "/public/js/ie-emulation-modes-warning.js"
[Thu Dec  1 16:44:29 2016] [debug] Template "not_found.development.html.ep" not found
[Thu Dec  1 16:44:29 2016] [debug] Template "not_found.html.ep" not found
[Thu Dec  1 16:44:29 2016] [debug] Rendering cached template "mojo/debug.html.ep"
[Thu Dec  1 16:44:29 2016] [debug] Rendering cached template "mojo/menubar.html.ep"
[Thu Dec  1 16:44:29 2016] [debug] 404 Not Found (0.00432s, 231.481/s)
[Thu Dec  1 16:44:29 2016] [debug] GET "/public/css/ie10-viewport-bug-workaround.css"
[Thu Dec  1 16:44:29 2016] [debug] Template "not_found.development.html.ep" not found
[Thu Dec  1 16:44:29 2016] [debug] Template "not_found.html.ep" not found
[Thu Dec  1 16:44:29 2016] [debug] Rendering cached template "mojo/debug.html.ep"
[Thu Dec  1 16:44:29 2016] [debug] Rendering cached template "mojo/menubar.html.ep"
[Thu Dec  1 16:44:29 2016] [debug] 404 Not Found (0.003531s, 283.206/s)
[Thu Dec  1 16:44:29 2016] [debug] GET "/public/js/ie10-viewport-bug-workaround.js"
[Thu Dec  1 16:44:29 2016] [debug] Template "not_found.development.html.ep" not found
[Thu Dec  1 16:44:29 2016] [debug] Template "not_found.html.ep" not found
[Thu Dec  1 16:44:29 2016] [debug] Rendering cached template "mojo/debug.html.ep"
[Thu Dec  1 16:44:29 2016] [debug] Rendering cached template "mojo/menubar.html.ep"
[Thu Dec  1 16:44:29 2016] [debug] 404 Not Found (0.003893s, 256.871/s)
[Thu Dec  1 23:05:41 2016] [debug] GET "/"
[Thu Dec  1 23:05:41 2016] [debug] Routing to a callback
[Thu Dec  1 23:05:41 2016] [debug] Rendering cached template "index.html.ep" from DATA section
[Thu Dec  1 23:05:41 2016] [debug] Rendering cached template "layouts/default.html.ep" from DATA section
[Thu Dec  1 23:05:41 2016] [debug] 200 OK (0.000557s, 1795.332/s)
[Thu Dec  1 23:05:41 2016] [debug] GET "/public/css/bootstrap.min.css"
[Thu Dec  1 23:05:41 2016] [debug] Template "not_found.development.html.ep" not found
[Thu Dec  1 23:05:41 2016] [debug] Template "not_found.html.ep" not found
[Thu Dec  1 23:05:41 2016] [debug] Rendering cached template "mojo/debug.html.ep"
[Thu Dec  1 23:05:41 2016] [debug] Rendering cached template "mojo/menubar.html.ep"
[Thu Dec  1 23:05:41 2016] [debug] 404 Not Found (0.003865s, 258.732/s)
[Thu Dec  1 23:05:41 2016] [debug] GET "/public/js/ie-emulation-modes-warning.js"
[Thu Dec  1 23:05:41 2016] [debug] Template "not_found.development.html.ep" not found
[Thu Dec  1 23:05:41 2016] [debug] Template "not_found.html.ep" not found
[Thu Dec  1 23:05:41 2016] [debug] Rendering cached template "mojo/debug.html.ep"
[Thu Dec  1 23:05:41 2016] [debug] Rendering cached template "mojo/menubar.html.ep"
[Thu Dec  1 23:05:41 2016] [debug] 404 Not Found (0.003352s, 298.329/s)
[Thu Dec  1 23:05:41 2016] [debug] GET "/public/css/ie10-viewport-bug-workaround.css"
[Thu Dec  1 23:05:41 2016] [debug] Template "not_found.development.html.ep" not found
[Thu Dec  1 23:05:41 2016] [debug] Template "not_found.html.ep" not found
[Thu Dec  1 23:05:41 2016] [debug] Rendering cached template "mojo/debug.html.ep"
[Thu Dec  1 23:05:41 2016] [debug] Rendering cached template "mojo/menubar.html.ep"
[Thu Dec  1 23:05:41 2016] [debug] 404 Not Found (0.003623s, 276.014/s)
[Thu Dec  1 23:05:41 2016] [debug] GET "/public/js/bootstrap.min.js"
[Thu Dec  1 23:05:41 2016] [debug] Template "not_found.development.html.ep" not found
[Thu Dec  1 23:05:41 2016] [debug] Template "not_found.html.ep" not found
[Thu Dec  1 23:05:41 2016] [debug] Rendering cached template "mojo/debug.html.ep"
[Thu Dec  1 23:05:41 2016] [debug] Rendering cached template "mojo/menubar.html.ep"
[Thu Dec  1 23:05:41 2016] [debug] 404 Not Found (0.003413s, 292.997/s)
[Thu Dec  1 23:05:41 2016] [debug] GET "/public/js/ie10-viewport-bug-workaround.js"
[Thu Dec  1 23:05:41 2016] [debug] Template "not_found.development.html.ep" not found
[Thu Dec  1 23:05:41 2016] [debug] Template "not_found.html.ep" not found
[Thu Dec  1 23:05:41 2016] [debug] Rendering cached template "mojo/debug.html.ep"
[Thu Dec  1 23:05:41 2016] [debug] Rendering cached template "mojo/menubar.html.ep"
[Thu Dec  1 23:05:41 2016] [debug] 404 Not Found (0.003335s, 299.850/s)
[Thu Dec  1 23:09:07 2016] [debug] GET "/public/css/bootstrap.min.css"
[Thu Dec  1 23:09:07 2016] [debug] Template "not_found.development.html.ep" not found
[Thu Dec  1 23:09:07 2016] [debug] Template "not_found.html.ep" not found
[Thu Dec  1 23:09:07 2016] [debug] Rendering cached template "mojo/debug.html.ep"
[Thu Dec  1 23:09:07 2016] [debug] Rendering cached template "mojo/menubar.html.ep"
[Thu Dec  1 23:09:07 2016] [debug] 404 Not Found (0.004104s, 243.665/s)
[Thu Dec  1 23:18:40 2016] [debug] GET "/"
[Thu Dec  1 23:18:40 2016] [debug] Routing to a callback
[Thu Dec  1 23:18:40 2016] [debug] Rendering template "index.html.ep" from DATA section
[Thu Dec  1 23:18:40 2016] [debug] Rendering template "layouts/default.html.ep" from DATA section
[Thu Dec  1 23:18:40 2016] [debug] 200 OK (0.022457s, 44.530/s)
[Thu Dec  1 23:21:22 2016] [debug] GET "/"
[Thu Dec  1 23:21:22 2016] [debug] Routing to a callback
[Thu Dec  1 23:21:22 2016] [debug] Rendering cached template "index.html.ep" from DATA section
[Thu Dec  1 23:21:22 2016] [debug] Rendering cached template "layouts/default.html.ep" from DATA section
[Thu Dec  1 23:21:22 2016] [debug] 200 OK (0.00064s, 1562.500/s)
[Thu Dec  1 23:21:32 2016] [debug] GET "/"
[Thu Dec  1 23:21:32 2016] [debug] Routing to a callback
[Thu Dec  1 23:21:32 2016] [debug] Rendering cached template "index.html.ep" from DATA section
[Thu Dec  1 23:21:32 2016] [debug] Rendering cached template "layouts/default.html.ep" from DATA section
[Thu Dec  1 23:21:32 2016] [debug] 200 OK (0.000596s, 1677.852/s)
[Thu Dec  1 23:34:22 2016] [debug] GET "/"
[Thu Dec  1 23:34:22 2016] [debug] Routing to a callback
[Thu Dec  1 23:34:22 2016] [debug] Rendering cached template "index.html.ep" from DATA section
[Thu Dec  1 23:34:22 2016] [debug] Rendering cached template "layouts/default.html.ep" from DATA section
[Thu Dec  1 23:34:22 2016] [debug] 200 OK (0.000733s, 1364.256/s)
[Thu Dec  1 23:34:55 2016] [debug] GET "/"
[Thu Dec  1 23:34:55 2016] [debug] Routing to a callback
[Thu Dec  1 23:34:55 2016] [debug] Rendering cached template "index.html.ep" from DATA section
[Thu Dec  1 23:34:55 2016] [debug] Rendering cached template "layouts/default.html.ep" from DATA section
[Thu Dec  1 23:34:55 2016] [debug] 200 OK (0.000532s, 1879.699/s)
[Thu Dec  1 23:35:09 2016] [debug] GET "/"
[Thu Dec  1 23:35:09 2016] [debug] Routing to a callback
[Thu Dec  1 23:35:09 2016] [debug] Rendering cached template "index.html.ep" from DATA section
[Thu Dec  1 23:35:09 2016] [debug] Rendering cached template "layouts/default.html.ep" from DATA section
[Thu Dec  1 23:35:09 2016] [debug] 200 OK (0.000537s, 1862.197/s)
[Thu Dec  1 23:35:27 2016] [debug] GET "/"
[Thu Dec  1 23:35:27 2016] [debug] Routing to a callback
[Thu Dec  1 23:35:27 2016] [debug] Rendering cached template "index.html.ep" from DATA section
[Thu Dec  1 23:35:27 2016] [debug] Rendering cached template "layouts/default.html.ep" from DATA section
[Thu Dec  1 23:35:27 2016] [debug] 200 OK (0.000758s, 1319.261/s)
[Thu Dec  1 23:41:16 2016] [debug] GET "/"
[Thu Dec  1 23:41:16 2016] [debug] Routing to a callback
[Thu Dec  1 23:41:16 2016] [debug] Rendering cached template "index.html.ep" from DATA section
[Thu Dec  1 23:41:16 2016] [debug] Rendering cached template "layouts/default.html.ep" from DATA section
[Thu Dec  1 23:41:16 2016] [debug] 200 OK (0.000594s, 1683.502/s)
[Thu Dec  1 23:43:01 2016] [debug] GET "/"
[Thu Dec  1 23:43:01 2016] [debug] Routing to a callback
[Thu Dec  1 23:43:01 2016] [debug] Rendering cached template "index.html.ep" from DATA section
[Thu Dec  1 23:43:01 2016] [debug] Rendering cached template "layouts/default.html.ep" from DATA section
[Thu Dec  1 23:43:01 2016] [debug] 200 OK (0.000538s, 1858.736/s)
[Thu Dec  1 23:47:15 2016] [debug] GET "/"
[Thu Dec  1 23:47:15 2016] [debug] Routing to a callback
[Thu Dec  1 23:47:15 2016] [debug] Rendering cached template "index.html.ep" from DATA section
[Thu Dec  1 23:47:15 2016] [debug] Rendering cached template "layouts/default.html.ep" from DATA section
[Thu Dec  1 23:47:15 2016] [debug] 200 OK (0.000526s, 1901.141/s)
[Thu Dec  1 23:48:09 2016] [debug] GET "/"
[Thu Dec  1 23:48:09 2016] [debug] Routing to a callback
[Thu Dec  1 23:48:09 2016] [debug] Rendering cached template "index.html.ep" from DATA section
[Thu Dec  1 23:48:09 2016] [debug] Rendering cached template "layouts/default.html.ep" from DATA section
[Thu Dec  1 23:48:09 2016] [debug] 200 OK (0.000568s, 1760.563/s)
[Thu Dec  1 23:49:33 2016] [debug] GET "/"
[Thu Dec  1 23:49:33 2016] [debug] Routing to a callback
[Thu Dec  1 23:49:33 2016] [debug] Rendering cached template "index.html.ep" from DATA section
[Thu Dec  1 23:49:33 2016] [debug] Rendering cached template "layouts/default.html.ep" from DATA section
[Thu Dec  1 23:49:33 2016] [debug] 200 OK (0.00052s, 1923.077/s)
[Thu Dec  1 23:56:11 2016] [debug] GET "/"
[Thu Dec  1 23:56:11 2016] [debug] Routing to a callback
[Thu Dec  1 23:56:11 2016] [debug] Rendering cached template "index.html.ep" from DATA section
[Thu Dec  1 23:56:11 2016] [debug] Rendering cached template "layouts/default.html.ep" from DATA section
[Thu Dec  1 23:56:11 2016] [debug] 200 OK (0.000542s, 1845.018/s)
[Thu Dec  1 23:59:06 2016] [debug] GET "/"
[Thu Dec  1 23:59:06 2016] [debug] Routing to a callback
[Thu Dec  1 23:59:06 2016] [debug] Rendering cached template "index.html.ep" from DATA section
[Thu Dec  1 23:59:06 2016] [debug] Rendering cached template "layouts/default.html.ep" from DATA section
[Thu Dec  1 23:59:06 2016] [debug] 200 OK (0.000588s, 1700.680/s)
[Fri Dec  2 00:00:09 2016] [debug] GET "/"
[Fri Dec  2 00:00:09 2016] [debug] Routing to a callback
[Fri Dec  2 00:00:09 2016] [debug] Rendering cached template "index.html.ep" from DATA section
[Fri Dec  2 00:00:09 2016] [debug] Rendering cached template "layouts/default.html.ep" from DATA section
[Fri Dec  2 00:00:09 2016] [debug] 200 OK (0.000519s, 1926.782/s)
[Fri Dec  2 00:00:10 2016] [debug] GET "/"
[Fri Dec  2 00:00:10 2016] [debug] Routing to a callback
[Fri Dec  2 00:00:10 2016] [debug] Rendering cached template "index.html.ep" from DATA section
[Fri Dec  2 00:00:10 2016] [debug] Rendering cached template "layouts/default.html.ep" from DATA section
[Fri Dec  2 00:00:10 2016] [debug] 200 OK (0.00057s, 1754.386/s)
[Fri Dec  2 00:00:22 2016] [debug] GET "/"
[Fri Dec  2 00:00:22 2016] [debug] Routing to a callback
[Fri Dec  2 00:00:22 2016] [debug] Rendering cached template "index.html.ep" from DATA section
[Fri Dec  2 00:00:22 2016] [debug] Rendering cached template "layouts/default.html.ep" from DATA section
[Fri Dec  2 00:00:22 2016] [debug] 200 OK (0.000572s, 1748.252/s)
[Fri Dec  2 00:03:01 2016] [debug] GET "/"
[Fri Dec  2 00:03:01 2016] [debug] Routing to a callback
[Fri Dec  2 00:03:01 2016] [debug] Rendering cached template "index.html.ep" from DATA section
[Fri Dec  2 00:03:01 2016] [debug] Rendering cached template "layouts/default.html.ep" from DATA section
[Fri Dec  2 00:03:01 2016] [debug] 200 OK (0.00069s, 1449.275/s)
[Fri Dec  2 00:03:27 2016] [debug] GET "/"
[Fri Dec  2 00:03:27 2016] [debug] Routing to a callback
[Fri Dec  2 00:03:27 2016] [debug] Rendering cached template "index.html.ep" from DATA section
[Fri Dec  2 00:03:27 2016] [debug] Rendering cached template "layouts/default.html.ep" from DATA section
[Fri Dec  2 00:03:27 2016] [debug] 200 OK (0.000519s, 1926.782/s)
[Fri Dec  2 00:03:28 2016] [debug] GET "/"
[Fri Dec  2 00:03:28 2016] [debug] Routing to a callback
[Fri Dec  2 00:03:28 2016] [debug] Rendering cached template "index.html.ep" from DATA section
[Fri Dec  2 00:03:28 2016] [debug] Rendering cached template "layouts/default.html.ep" from DATA section
[Fri Dec  2 00:03:28 2016] [debug] 200 OK (0.000511s, 1956.947/s)
[Fri Dec  2 00:03:28 2016] [debug] GET "/"
[Fri Dec  2 00:03:28 2016] [debug] Routing to a callback
[Fri Dec  2 00:03:28 2016] [debug] Rendering cached template "index.html.ep" from DATA section
[Fri Dec  2 00:03:28 2016] [debug] Rendering cached template "layouts/default.html.ep" from DATA section
[Fri Dec  2 00:03:28 2016] [debug] 200 OK (0.000509s, 1964.637/s)
[Fri Dec  2 00:03:29 2016] [debug] GET "/"
[Fri Dec  2 00:03:29 2016] [debug] Routing to a callback
[Fri Dec  2 00:03:29 2016] [debug] Rendering cached template "index.html.ep" from DATA section
[Fri Dec  2 00:03:29 2016] [debug] Rendering cached template "layouts/default.html.ep" from DATA section
[Fri Dec  2 00:03:29 2016] [debug] 200 OK (0.000291s, 3436.426/s)
[Fri Dec  2 00:03:29 2016] [debug] GET "/"
[Fri Dec  2 00:03:29 2016] [debug] Routing to a callback
[Fri Dec  2 00:03:29 2016] [debug] Rendering cached template "index.html.ep" from DATA section
[Fri Dec  2 00:03:29 2016] [debug] Rendering cached template "layouts/default.html.ep" from DATA section
[Fri Dec  2 00:03:29 2016] [debug] 200 OK (0.000275s, 3636.364/s)
[Fri Dec  2 00:03:29 2016] [debug] GET "/"
[Fri Dec  2 00:03:29 2016] [debug] Routing to a callback
[Fri Dec  2 00:03:29 2016] [debug] Rendering cached template "index.html.ep" from DATA section
[Fri Dec  2 00:03:29 2016] [debug] Rendering cached template "layouts/default.html.ep" from DATA section
[Fri Dec  2 00:03:29 2016] [debug] 200 OK (0.000301s, 3322.259/s)
[Fri Dec  2 00:09:21 2016] [debug] GET "/"
[Fri Dec  2 00:09:21 2016] [debug] Routing to a callback
[Fri Dec  2 00:09:21 2016] [debug] Rendering cached template "index.html.ep" from DATA section
[Fri Dec  2 00:09:21 2016] [debug] Rendering cached template "layouts/default.html.ep" from DATA section
[Fri Dec  2 00:09:21 2016] [debug] 200 OK (0.000532s, 1879.699/s)
[Fri Dec  2 00:45:06 2016] [debug] GET "/"
[Fri Dec  2 00:45:06 2016] [debug] Routing to a callback
[Fri Dec  2 00:45:06 2016] [debug] Rendering cached template "index.html.ep" from DATA section
[Fri Dec  2 00:45:06 2016] [debug] Rendering cached template "layouts/default.html.ep" from DATA section
[Fri Dec  2 00:45:06 2016] [debug] 200 OK (0.000595s, 1680.672/s)
[Fri Dec  2 01:01:42 2016] [debug] GET "/"
[Fri Dec  2 01:01:42 2016] [debug] Routing to a callback
[Fri Dec  2 01:01:42 2016] [debug] Rendering cached template "index.html.ep" from DATA section
[Fri Dec  2 01:01:42 2016] [debug] Rendering cached template "layouts/default.html.ep" from DATA section
[Fri Dec  2 01:01:42 2016] [debug] 200 OK (0.000525s, 1904.762/s)
[Fri Dec  2 09:33:11 2016] [debug] GET "/"
[Fri Dec  2 09:33:11 2016] [debug] Routing to a callback
[Fri Dec  2 09:33:11 2016] [debug] Rendering cached template "index.html.ep" from DATA section
[Fri Dec  2 09:33:11 2016] [debug] Rendering cached template "layouts/default.html.ep" from DATA section
[Fri Dec  2 09:33:11 2016] [debug] 200 OK (0.000507s, 1972.387/s)
[Fri Dec  2 09:37:31 2016] [debug] GET "/"
[Fri Dec  2 09:37:31 2016] [debug] Routing to a callback
[Fri Dec  2 09:37:31 2016] [debug] Rendering cached template "index.html.ep" from DATA section
[Fri Dec  2 09:37:31 2016] [debug] Rendering cached template "layouts/default.html.ep" from DATA section
[Fri Dec  2 09:37:31 2016] [debug] 200 OK (0.000554s, 1805.054/s)
[Fri Dec  2 09:40:34 2016] [debug] GET "/"
[Fri Dec  2 09:40:34 2016] [debug] Routing to a callback
[Fri Dec  2 09:40:34 2016] [debug] Rendering cached template "index.html.ep" from DATA section
[Fri Dec  2 09:40:34 2016] [debug] Rendering cached template "layouts/default.html.ep" from DATA section
[Fri Dec  2 09:40:34 2016] [debug] 200 OK (0.000593s, 1686.341/s)
[Fri Dec  2 10:51:21 2016] [debug] GET "/"
[Fri Dec  2 10:51:21 2016] [debug] Routing to a callback
[Fri Dec  2 10:51:21 2016] [debug] Rendering cached template "index.html.ep" from DATA section
[Fri Dec  2 10:51:21 2016] [debug] Rendering cached template "layouts/default.html.ep" from DATA section
[Fri Dec  2 10:51:21 2016] [debug] 200 OK (0.000471s, 2123.142/s)
[Fri Dec  2 10:51:42 2016] [debug] GET "/"
[Fri Dec  2 10:51:42 2016] [debug] Routing to a callback
[Fri Dec  2 10:51:42 2016] [debug] Rendering cached template "index.html.ep" from DATA section
[Fri Dec  2 10:51:42 2016] [debug] Rendering cached template "layouts/default.html.ep" from DATA section
[Fri Dec  2 10:51:42 2016] [debug] 200 OK (0.00051s, 1960.784/s)
[Fri Dec  2 10:53:57 2016] [debug] GET "/"
[Fri Dec  2 10:53:57 2016] [debug] Routing to a callback
[Fri Dec  2 10:53:57 2016] [debug] Rendering cached template "index.html.ep" from DATA section
[Fri Dec  2 10:53:57 2016] [debug] Rendering cached template "layouts/default.html.ep" from DATA section
[Fri Dec  2 10:53:57 2016] [debug] 200 OK (0.000519s, 1926.782/s)
[Fri Dec  2 10:53:58 2016] [debug] GET "/"
[Fri Dec  2 10:53:58 2016] [debug] Routing to a callback
[Fri Dec  2 10:53:58 2016] [debug] Rendering cached template "index.html.ep" from DATA section
[Fri Dec  2 10:53:58 2016] [debug] Rendering cached template "layouts/default.html.ep" from DATA section
[Fri Dec  2 10:53:58 2016] [debug] 200 OK (0.000567s, 1763.668/s)
[Fri Dec  2 11:00:45 2016] [debug] GET "/"
[Fri Dec  2 11:00:45 2016] [debug] Routing to a callback
[Fri Dec  2 11:00:45 2016] [debug] Rendering cached template "index.html.ep" from DATA section
[Fri Dec  2 11:00:45 2016] [debug] Rendering cached template "layouts/default.html.ep" from DATA section
[Fri Dec  2 11:00:45 2016] [debug] 200 OK (0.000549s, 1821.494/s)
[Fri Dec  2 11:00:50 2016] [debug] GET "/"
[Fri Dec  2 11:00:50 2016] [debug] Routing to a callback
[Fri Dec  2 11:00:50 2016] [debug] Rendering cached template "index.html.ep" from DATA section
[Fri Dec  2 11:00:50 2016] [debug] Rendering cached template "layouts/default.html.ep" from DATA section
[Fri Dec  2 11:00:50 2016] [debug] 200 OK (0.000544s, 1838.235/s)
[Fri Dec  2 11:02:32 2016] [debug] GET "/"
[Fri Dec  2 11:02:32 2016] [debug] Routing to a callback
[Fri Dec  2 11:02:32 2016] [debug] Rendering cached template "index.html.ep" from DATA section
[Fri Dec  2 11:02:32 2016] [debug] Rendering cached template "layouts/default.html.ep" from DATA section
[Fri Dec  2 11:02:32 2016] [debug] 200 OK (0.000596s, 1677.852/s)
[Fri Dec  2 11:03:22 2016] [debug] GET "/"
[Fri Dec  2 11:03:22 2016] [debug] Routing to a callback
[Fri Dec  2 11:03:22 2016] [debug] Rendering cached template "index.html.ep" from DATA section
[Fri Dec  2 11:03:22 2016] [debug] Rendering cached template "layouts/default.html.ep" from DATA section
[Fri Dec  2 11:03:22 2016] [debug] 200 OK (0.000549s, 1821.494/s)
[Fri Dec  2 11:10:04 2016] [debug] GET "/"
[Fri Dec  2 11:10:04 2016] [debug] Routing to a callback
[Fri Dec  2 11:10:04 2016] [debug] Rendering cached template "index.html.ep" from DATA section
[Fri Dec  2 11:10:04 2016] [debug] Rendering cached template "layouts/default.html.ep" from DATA section
[Fri Dec  2 11:10:04 2016] [debug] 200 OK (0.000507s, 1972.387/s)
[Fri Dec  2 12:27:12 2016] [debug] GET "/"
[Fri Dec  2 12:27:12 2016] [debug] Routing to a callback
[Fri Dec  2 12:27:12 2016] [debug] Rendering cached template "index.html.ep" from DATA section
[Fri Dec  2 12:27:12 2016] [debug] Rendering cached template "layouts/default.html.ep" from DATA section
[Fri Dec  2 12:27:12 2016] [debug] 200 OK (0.000538s, 1858.736/s)
[Fri Dec  2 12:27:24 2016] [debug] GET "/"
[Fri Dec  2 12:27:24 2016] [debug] Routing to a callback
[Fri Dec  2 12:27:24 2016] [debug] Rendering cached template "index.html.ep" from DATA section
[Fri Dec  2 12:27:24 2016] [debug] Rendering cached template "layouts/default.html.ep" from DATA section
[Fri Dec  2 12:27:24 2016] [debug] 200 OK (0.000564s, 1773.050/s)
[Fri Dec  2 14:10:14 2016] [debug] GET "/"
[Fri Dec  2 14:10:14 2016] [debug] Routing to a callback
[Fri Dec  2 14:10:14 2016] [debug] Rendering cached template "index.html.ep" from DATA section
[Fri Dec  2 14:10:14 2016] [debug] Rendering cached template "layouts/default.html.ep" from DATA section
[Fri Dec  2 14:10:14 2016] [debug] 200 OK (0.000555s, 1801.802/s)
[Fri Dec  2 17:28:44 2016] [debug] GET "/"
[Fri Dec  2 17:28:44 2016] [debug] Routing to a callback
[Fri Dec  2 17:28:44 2016] [debug] Rendering cached template "index.html.ep" from DATA section
[Fri Dec  2 17:28:44 2016] [debug] Rendering cached template "layouts/default.html.ep" from DATA section
[Fri Dec  2 17:28:44 2016] [debug] 200 OK (0.000559s, 1788.909/s)
[Fri Dec  2 23:45:33 2016] [debug] GET "/"
[Fri Dec  2 23:45:33 2016] [debug] Routing to a callback
[Fri Dec  2 23:45:33 2016] [debug] Rendering cached template "index.html.ep" from DATA section
[Fri Dec  2 23:45:33 2016] [debug] Rendering cached template "layouts/default.html.ep" from DATA section
[Fri Dec  2 23:45:33 2016] [debug] 200 OK (0.00075s, 1333.333/s)
[Tue Dec  6 19:49:15 2016] [debug] GET "/"
[Tue Dec  6 19:49:15 2016] [debug] Routing to a callback
[Tue Dec  6 19:49:15 2016] [debug] Rendering cached template "index.html.ep" from DATA section
[Tue Dec  6 19:49:15 2016] [debug] Rendering cached template "layouts/default.html.ep" from DATA section
[Tue Dec  6 19:49:15 2016] [debug] 200 OK (0.000702s, 1424.501/s)
[Wed Dec  7 14:29:17 2016] [debug] GET "/"
[Wed Dec  7 14:29:17 2016] [debug] Routing to a callback
[Wed Dec  7 14:29:17 2016] [debug] Rendering cached template "index.html.ep" from DATA section
[Wed Dec  7 14:29:17 2016] [debug] Rendering cached template "layouts/default.html.ep" from DATA section
[Wed Dec  7 14:29:17 2016] [debug] 200 OK (0.000762s, 1312.336/s)
[Sat Dec 10 22:43:21 2016] [debug] GET "/"
[Sat Dec 10 22:43:21 2016] [debug] Routing to a callback
[Sat Dec 10 22:43:21 2016] [debug] Rendering cached template "index.html.ep" from DATA section
[Sat Dec 10 22:43:21 2016] [debug] Rendering cached template "layouts/default.html.ep" from DATA section
[Sat Dec 10 22:43:21 2016] [debug] 200 OK (0.000768s, 1302.083/s)
[Sat Dec 10 23:23:33 2016] [debug] GET "/"
[Sat Dec 10 23:23:33 2016] [debug] Routing to a callback
[Sat Dec 10 23:23:33 2016] [debug] Rendering template "index.html.ep" from DATA section
[Sat Dec 10 23:23:33 2016] [debug] Rendering template "layouts/default.html.ep" from DATA section
[Sat Dec 10 23:23:33 2016] [debug] 200 OK (0.0141s, 70.922/s)
[Sat Dec 10 23:23:50 2016] [debug] GET "/annotate/"
[Sat Dec 10 23:23:50 2016] [debug] Template "not_found.development.html.ep" not found
[Sat Dec 10 23:23:50 2016] [debug] Template "not_found.html.ep" not found
[Sat Dec 10 23:23:50 2016] [debug] Rendering template "mojo/debug.html.ep"
[Sat Dec 10 23:23:50 2016] [debug] Rendering template "mojo/menubar.html.ep"
[Sat Dec 10 23:23:50 2016] [debug] Your secret passphrase needs to be changed
[Sat Dec 10 23:23:50 2016] [debug] 404 Not Found (0.020066s, 49.836/s)
[Sat Dec 10 23:23:56 2016] [debug] GET "/annotate/gene"
[Sat Dec 10 23:23:56 2016] [debug] Template "not_found.development.html.ep" not found
[Sat Dec 10 23:23:56 2016] [debug] Template "not_found.html.ep" not found
[Sat Dec 10 23:23:56 2016] [debug] Rendering cached template "mojo/debug.html.ep"
[Sat Dec 10 23:23:56 2016] [debug] Rendering cached template "mojo/menubar.html.ep"
[Sat Dec 10 23:23:56 2016] [debug] 404 Not Found (0.003944s, 253.550/s)
[Sat Dec 10 23:24:07 2016] [debug] GET "/"
[Sat Dec 10 23:24:07 2016] [debug] Routing to a callback
[Sat Dec 10 23:24:07 2016] [debug] Rendering cached template "index.html.ep" from DATA section
[Sat Dec 10 23:24:07 2016] [debug] Rendering cached template "layouts/default.html.ep" from DATA section
[Sat Dec 10 23:24:07 2016] [debug] 200 OK (0.000701s, 1426.534/s)
[Sat Dec 10 23:24:11 2016] [debug] GET "/annotate/"
[Sat Dec 10 23:24:11 2016] [debug] Template "not_found.development.html.ep" not found
[Sat Dec 10 23:24:11 2016] [debug] Template "not_found.html.ep" not found
[Sat Dec 10 23:24:11 2016] [debug] Rendering cached template "mojo/debug.html.ep"
[Sat Dec 10 23:24:11 2016] [debug] Rendering cached template "mojo/menubar.html.ep"
[Sat Dec 10 23:24:11 2016] [debug] 404 Not Found (0.006212s, 160.979/s)
[Sat Dec 10 23:24:18 2016] [debug] GET "/annotate/gene/"
[Sat Dec 10 23:24:18 2016] [debug] Template "not_found.development.html.ep" not found
[Sat Dec 10 23:24:18 2016] [debug] Template "not_found.html.ep" not found
[Sat Dec 10 23:24:18 2016] [debug] Rendering cached template "mojo/debug.html.ep"
[Sat Dec 10 23:24:18 2016] [debug] Rendering cached template "mojo/menubar.html.ep"
[Sat Dec 10 23:24:18 2016] [debug] 404 Not Found (0.006224s, 160.668/s)
[Sat Dec 10 23:24:31 2016] [debug] GET "/annotate/gene/XXX%20protein"
[Sat Dec 10 23:24:31 2016] [debug] Routing to a callback
[Sat Dec 10 23:24:31 2016] [error] Can't locate object method "new" via package "JSON" at /opt/services2/togoannot/togoannotator/WebService/annotation.pl line 20.

[Sat Dec 10 23:24:31 2016] [debug] Template "exception.development.html.ep" not found
[Sat Dec 10 23:24:31 2016] [debug] Template "exception.html.ep" not found
[Sat Dec 10 23:24:31 2016] [debug] Rendering cached template "mojo/debug.html.ep"
[Sat Dec 10 23:24:31 2016] [debug] Rendering cached template "mojo/menubar.html.ep"
[Sat Dec 10 23:24:31 2016] [debug] 500 Internal Server Error (0.014451s, 69.199/s)
[Sat Dec 10 23:27:13 2016] [debug] GET "/annotate/gene"
[Sat Dec 10 23:27:13 2016] [debug] Template "not_found.development.html.ep" not found
[Sat Dec 10 23:27:13 2016] [debug] Template "not_found.html.ep" not found
[Sat Dec 10 23:27:13 2016] [debug] Rendering template "mojo/debug.html.ep"
[Sat Dec 10 23:27:13 2016] [debug] Rendering template "mojo/menubar.html.ep"
[Sat Dec 10 23:27:13 2016] [debug] Your secret passphrase needs to be changed
[Sat Dec 10 23:27:13 2016] [debug] 404 Not Found (0.020423s, 48.964/s)
[Sat Dec 10 23:27:22 2016] [debug] GET "/annotate/gene/XXX%20protein"
[Sat Dec 10 23:27:22 2016] [debug] Routing to a callback
[Sat Dec 10 23:27:22 2016] [error] Can't locate object method "new" via package "JSON" at /opt/services2/togoannot/togoannotator/WebService/annotation.pl line 21.

[Sat Dec 10 23:27:22 2016] [debug] Template "exception.development.html.ep" not found
[Sat Dec 10 23:27:22 2016] [debug] Template "exception.html.ep" not found
[Sat Dec 10 23:27:22 2016] [debug] Rendering cached template "mojo/debug.html.ep"
[Sat Dec 10 23:27:22 2016] [debug] Rendering cached template "mojo/menubar.html.ep"
[Sat Dec 10 23:27:22 2016] [debug] 500 Internal Server Error (0.013655s, 73.233/s)
[Sat Dec 10 23:28:03 2016] [debug] GET "/annotate/gene/XXX%20protein"
[Sat Dec 10 23:28:03 2016] [debug] Routing to a callback
[Sat Dec 10 23:28:03 2016] [debug] 302 Found (0.01895s, 52.770/s)
[Sat Dec 10 23:28:03 2016] [debug] GET "/"
[Sat Dec 10 23:28:03 2016] [debug] Routing to a callback
[Sat Dec 10 23:28:03 2016] [debug] Rendering template "index.html.ep" from DATA section
[Sat Dec 10 23:28:03 2016] [debug] Rendering template "layouts/default.html.ep" from DATA section
[Sat Dec 10 23:28:03 2016] [debug] 200 OK (0.003289s, 304.044/s)
[Sat Dec 10 23:28:04 2016] [debug] GET "/"
[Sat Dec 10 23:28:04 2016] [debug] Routing to a callback
[Sat Dec 10 23:28:04 2016] [debug] Rendering cached template "index.html.ep" from DATA section
[Sat Dec 10 23:28:04 2016] [debug] Rendering cached template "layouts/default.html.ep" from DATA section
[Sat Dec 10 23:28:04 2016] [debug] 200 OK (0.000552s, 1811.594/s)
[Sat Dec 10 23:28:05 2016] [debug] GET "/"
[Sat Dec 10 23:28:05 2016] [debug] Routing to a callback
[Sat Dec 10 23:28:05 2016] [debug] Rendering cached template "index.html.ep" from DATA section
[Sat Dec 10 23:28:05 2016] [debug] Rendering cached template "layouts/default.html.ep" from DATA section
[Sat Dec 10 23:28:05 2016] [debug] 200 OK (0.000478s, 2092.050/s)
[Sat Dec 10 23:28:05 2016] [debug] GET "/"
[Sat Dec 10 23:28:05 2016] [debug] Routing to a callback
[Sat Dec 10 23:28:05 2016] [debug] Rendering cached template "index.html.ep" from DATA section
[Sat Dec 10 23:28:05 2016] [debug] Rendering cached template "layouts/default.html.ep" from DATA section
[Sat Dec 10 23:28:05 2016] [debug] 200 OK (0.000483s, 2070.393/s)
[Sat Dec 10 23:32:56 2016] [debug] GET "/"
[Sat Dec 10 23:32:56 2016] [debug] Routing to a callback
[Sat Dec 10 23:32:57 2016] [debug] Rendering template "index.html.ep" from DATA section
[Sat Dec 10 23:32:57 2016] [debug] Rendering template "layouts/default.html.ep" from DATA section
[Sat Dec 10 23:32:57 2016] [debug] 200 OK (0.019095s, 52.370/s)
[Sat Dec 10 23:33:17 2016] [debug] GET "/annotate/gene/XXX%20protein"
[Sat Dec 10 23:33:17 2016] [debug] Routing to a callback
[Sat Dec 10 23:33:17 2016] [debug] 200 OK (0.007831s, 127.698/s)
[Sat Dec 10 23:33:17 2016] [error] Can't locate object method "decode" via package "1" (perhaps you forgot to load "1"?) at /opt/services2/togoannot/togoannotator/WebService/annotation.pl line 66.

[Sat Dec 10 23:33:17 2016] [debug] Template "exception.development.html.ep" not found
[Sat Dec 10 23:33:17 2016] [debug] Template "exception.html.ep" not found
[Sat Dec 10 23:33:17 2016] [debug] Rendering template "mojo/debug.html.ep"
[Sat Dec 10 23:33:17 2016] [debug] Rendering template "mojo/menubar.html.ep"
[Sat Dec 10 23:33:17 2016] [debug] Your secret passphrase needs to be changed
[Sat Dec 10 23:33:24 2016] [debug] GET "/annotate/gene/XXX%20protein"
[Sat Dec 10 23:33:24 2016] [debug] Routing to a callback
[Sat Dec 10 23:33:24 2016] [debug] 200 OK (0.007377s, 135.556/s)
[Sat Dec 10 23:33:24 2016] [error] Can't locate object method "decode" via package "1" (perhaps you forgot to load "1"?) at /opt/services2/togoannot/togoannotator/WebService/annotation.pl line 66.

[Sat Dec 10 23:33:24 2016] [debug] Template "exception.development.html.ep" not found
[Sat Dec 10 23:33:24 2016] [debug] Template "exception.html.ep" not found
[Sat Dec 10 23:33:24 2016] [debug] Rendering cached template "mojo/debug.html.ep"
[Sat Dec 10 23:33:24 2016] [debug] Rendering cached template "mojo/menubar.html.ep"
[Sat Dec 10 23:34:07 2016] [debug] GET "/annotate/gene/XXX%20protein"
[Sat Dec 10 23:34:07 2016] [debug] Routing to a callback
[Sat Dec 10 23:34:07 2016] [debug] 200 OK (0.021144s, 47.295/s)
[Sat Dec 10 23:34:07 2016] [error] Can't locate object method "decode" via package "1" (perhaps you forgot to load "1"?) at /opt/services2/togoannot/togoannotator/WebService/annotation.pl line 66.

[Sat Dec 10 23:34:07 2016] [debug] Template "exception.development.html.ep" not found
[Sat Dec 10 23:34:07 2016] [debug] Template "exception.html.ep" not found
[Sat Dec 10 23:34:07 2016] [debug] Rendering template "mojo/debug.html.ep"
[Sat Dec 10 23:34:07 2016] [debug] Rendering template "mojo/menubar.html.ep"
[Sat Dec 10 23:34:07 2016] [debug] Your secret passphrase needs to be changed
[Sat Dec 10 23:34:09 2016] [debug] GET "/annotate/gene/XXX%20protein"
[Sat Dec 10 23:34:09 2016] [debug] Routing to a callback
[Sat Dec 10 23:34:09 2016] [debug] 200 OK (0.006375s, 156.863/s)
[Sat Dec 10 23:34:09 2016] [error] Can't locate object method "decode" via package "1" (perhaps you forgot to load "1"?) at /opt/services2/togoannot/togoannotator/WebService/annotation.pl line 66.

[Sat Dec 10 23:34:09 2016] [debug] Template "exception.development.html.ep" not found
[Sat Dec 10 23:34:09 2016] [debug] Template "exception.html.ep" not found
[Sat Dec 10 23:34:09 2016] [debug] Rendering cached template "mojo/debug.html.ep"
[Sat Dec 10 23:34:09 2016] [debug] Rendering cached template "mojo/menubar.html.ep"
[Sat Dec 10 23:40:07 2016] [debug] GET "/annotate/gene/XXX%20protein"
[Sat Dec 10 23:40:07 2016] [debug] Routing to a callback
[Sat Dec 10 23:40:07 2016] [debug] 200 OK (0.021032s, 47.547/s)
[Sat Dec 10 23:40:37 2016] [debug] GET "/annotate/gene/XXX%20protein"
[Sat Dec 10 23:40:37 2016] [debug] Routing to a callback
[Sat Dec 10 23:40:37 2016] [debug] 200 OK (0.007546s, 132.521/s)
[Sat Dec 10 23:44:28 2016] [debug] GET "/annotate/gene/XXX%20protein"
[Sat Dec 10 23:44:28 2016] [debug] Routing to a callback
[Sat Dec 10 23:44:28 2016] [debug] 200 OK (0.02208s, 45.290/s)
[Sun Dec 11 00:01:01 2016] [debug] GET "/annotate/gene/XXX%20protein"
[Sun Dec 11 00:01:01 2016] [debug] Routing to a callback
[Sun Dec 11 00:01:01 2016] [debug] 200 OK (0.021067s, 47.468/s)
[Sun Dec 11 00:01:05 2016] [debug] GET "/annotate/gene/XXX%20protein"
[Sun Dec 11 00:01:05 2016] [debug] Routing to a callback
[Sun Dec 11 00:01:05 2016] [debug] 200 OK (0.007624s, 131.165/s)
[Sun Dec 11 00:01:30 2016] [debug] GET "/annotate/gene/XXX%20protein"
[Sun Dec 11 00:01:30 2016] [debug] Routing to a callback
[Sun Dec 11 00:01:30 2016] [debug] 200 OK (0.007072s, 141.403/s)
[Sun Dec 11 00:08:24 2016] [debug] GET "/annotate/gene/XXX%20protein"
[Sun Dec 11 00:08:24 2016] [debug] Routing to a callback
[Sun Dec 11 00:08:24 2016] [debug] 200 OK (0.023239s, 43.031/s)
[Sun Dec 11 00:08:31 2016] [debug] GET "/annotate/gene/XXX%20protein"
[Sun Dec 11 00:08:31 2016] [debug] Routing to a callback
[Sun Dec 11 00:08:31 2016] [debug] 200 OK (0.007466s, 133.941/s)
[Sun Dec 11 00:11:54 2016] [debug] POST "/annotate/ddbj"
[Sun Dec 11 00:11:54 2016] [debug] Routing to a callback
[Sun Dec 11 00:11:54 2016] [error] Can't locate object method "path" via package "Mojo::Upload" at /opt/services2/togoannot/togoannotator/WebService/annotation.pl line 100.

[Sun Dec 11 00:11:54 2016] [debug] Template "exception.development.html.ep" not found
[Sun Dec 11 00:11:54 2016] [debug] Template "exception.html.ep" not found
[Sun Dec 11 00:11:54 2016] [debug] Rendering template "mojo/debug.html.ep"
[Sun Dec 11 00:11:54 2016] [debug] Rendering template "mojo/menubar.html.ep"
[Sun Dec 11 00:11:54 2016] [debug] Your secret passphrase needs to be changed
[Sun Dec 11 00:11:54 2016] [debug] 500 Internal Server Error (0.021546s, 46.412/s)
[Sun Dec 11 00:12:03 2016] [debug] POST "/annotate/ddbj"
[Sun Dec 11 00:12:03 2016] [debug] Routing to a callback
[Sun Dec 11 00:12:03 2016] [error] Can't locate object method "path" via package "Mojo::Upload" at /opt/services2/togoannot/togoannotator/WebService/annotation.pl line 100.

[Sun Dec 11 00:12:03 2016] [debug] Template "exception.development.html.ep" not found
[Sun Dec 11 00:12:03 2016] [debug] Template "exception.html.ep" not found
[Sun Dec 11 00:12:03 2016] [debug] Rendering cached template "mojo/debug.html.ep"
[Sun Dec 11 00:12:03 2016] [debug] Rendering cached template "mojo/menubar.html.ep"
[Sun Dec 11 00:12:03 2016] [debug] 500 Internal Server Error (0.006696s, 149.343/s)
[Sun Dec 11 00:12:27 2016] [debug] GET "/annotate/gene/XXX%20protein"
[Sun Dec 11 00:12:27 2016] [debug] Routing to a callback
[Sun Dec 11 00:12:27 2016] [debug] 200 OK (0.006768s, 147.754/s)
[Sun Dec 11 00:12:31 2016] [debug] POST "/annotate/ddbj"
[Sun Dec 11 00:12:31 2016] [debug] Routing to a callback
[Sun Dec 11 00:12:31 2016] [error] Can't locate object method "path" via package "Mojo::Upload" at /opt/services2/togoannot/togoannotator/WebService/annotation.pl line 100.

[Sun Dec 11 00:12:31 2016] [debug] Template "exception.development.html.ep" not found
[Sun Dec 11 00:12:31 2016] [debug] Template "exception.html.ep" not found
[Sun Dec 11 00:12:31 2016] [debug] Rendering cached template "mojo/debug.html.ep"
[Sun Dec 11 00:12:31 2016] [debug] Rendering cached template "mojo/menubar.html.ep"
[Sun Dec 11 00:12:31 2016] [debug] 500 Internal Server Error (0.006962s, 143.637/s)
[Sun Dec 11 00:22:11 2016] [debug] POST "/annotate/ddbj"
[Sun Dec 11 00:22:11 2016] [debug] Routing to a callback
[Sun Dec 11 00:28:39 2016] [debug] POST "/annotate/ddbj"
[Sun Dec 11 00:28:39 2016] [debug] Routing to a callback
[Sun Dec 11 00:28:40 2016] [error] Can't call method "retrieve" on an undefined value at /opt/services2/togoannot/togoannotator/WebService/../Text/TogoAnnotator.pm line 354.

[Sun Dec 11 00:28:40 2016] [debug] Template "exception.development.html.ep" not found
[Sun Dec 11 00:28:40 2016] [debug] Template "exception.html.ep" not found
[Sun Dec 11 00:28:40 2016] [debug] Rendering template "mojo/debug.html.ep"
[Sun Dec 11 00:28:40 2016] [debug] Rendering template "mojo/menubar.html.ep"
[Sun Dec 11 00:28:40 2016] [debug] Your secret passphrase needs to be changed
[Sun Dec 11 00:28:40 2016] [debug] 500 Internal Server Error (0.27663s, 3.615/s)
[Sun Dec 11 00:30:48 2016] [debug] POST "/annotate/ddbj"
[Sun Dec 11 00:30:48 2016] [debug] Routing to a callback
[Sun Dec 11 00:30:48 2016] [error] Can't call method "retrieve" on an undefined value at /opt/services2/togoannot/togoannotator/WebService/../Text/TogoAnnotator.pm line 354.

[Sun Dec 11 00:30:48 2016] [debug] Template "exception.development.html.ep" not found
[Sun Dec 11 00:30:48 2016] [debug] Template "exception.html.ep" not found
[Sun Dec 11 00:30:48 2016] [debug] Rendering template "mojo/debug.html.ep"
[Sun Dec 11 00:30:48 2016] [debug] Rendering template "mojo/menubar.html.ep"
[Sun Dec 11 00:30:48 2016] [debug] Your secret passphrase needs to be changed
[Sun Dec 11 00:30:48 2016] [debug] 500 Internal Server Error (0.279121s, 3.583/s)
[Sun Dec 11 00:31:08 2016] [debug] POST "/annotate/ddbj"
[Sun Dec 11 00:31:08 2016] [debug] Routing to a callback
[Sun Dec 11 00:31:08 2016] [error] Can't call method "retrieve" on an undefined value at /opt/services2/togoannot/togoannotator/WebService/../Text/TogoAnnotator.pm line 354.

[Sun Dec 11 00:31:08 2016] [debug] Template "exception.development.html.ep" not found
[Sun Dec 11 00:31:08 2016] [debug] Template "exception.html.ep" not found
[Sun Dec 11 00:31:08 2016] [debug] Rendering cached template "mojo/debug.html.ep"
[Sun Dec 11 00:31:08 2016] [debug] Rendering cached template "mojo/menubar.html.ep"
[Sun Dec 11 00:31:08 2016] [debug] 500 Internal Server Error (0.257867s, 3.878/s)
[Sun Dec 11 00:34:53 2016] [debug] POST "/annotate/ddbj"
[Sun Dec 11 00:34:53 2016] [debug] Routing to a callback
[Sun Dec 11 00:34:53 2016] [error] Can't call method "retrieve" on an undefined value at /opt/services2/togoannot/togoannotator/WebService/../Text/TogoAnnotator.pm line 354.

[Sun Dec 11 00:34:53 2016] [debug] Template "exception.development.html.ep" not found
[Sun Dec 11 00:34:53 2016] [debug] Template "exception.html.ep" not found
[Sun Dec 11 00:34:53 2016] [debug] Rendering template "mojo/debug.html.ep"
[Sun Dec 11 00:34:53 2016] [debug] Rendering template "mojo/menubar.html.ep"
[Sun Dec 11 00:34:53 2016] [debug] Your secret passphrase needs to be changed
[Sun Dec 11 00:34:53 2016] [debug] 500 Internal Server Error (0.277508s, 3.603/s)
[Sun Dec 11 00:36:02 2016] [debug] POST "/annotate/ddbj"
[Sun Dec 11 00:36:02 2016] [debug] Routing to a callback
[Sun Dec 11 00:36:03 2016] [error] Can't call method "retrieve" on an undefined value at /opt/services2/togoannot/togoannotator/WebService/../Text/TogoAnnotator.pm line 354.

[Sun Dec 11 00:36:03 2016] [debug] Template "exception.development.html.ep" not found
[Sun Dec 11 00:36:03 2016] [debug] Template "exception.html.ep" not found
[Sun Dec 11 00:36:03 2016] [debug] Rendering template "mojo/debug.html.ep"
[Sun Dec 11 00:36:03 2016] [debug] Rendering template "mojo/menubar.html.ep"
[Sun Dec 11 00:36:03 2016] [debug] Your secret passphrase needs to be changed
[Sun Dec 11 00:36:03 2016] [debug] 500 Internal Server Error (0.322219s, 3.103/s)
[Sun Dec 11 00:39:32 2016] [debug] POST "/annotate/ddbj"
[Sun Dec 11 00:39:32 2016] [debug] Routing to a callback
[Sun Dec 11 00:39:32 2016] [error] Can't call method "retrieve" on an undefined value at /opt/services2/togoannot/togoannotator/WebService/../Text/TogoAnnotator.pm line 354.

[Sun Dec 11 00:39:32 2016] [debug] Template "exception.development.html.ep" not found
[Sun Dec 11 00:39:32 2016] [debug] Template "exception.html.ep" not found
[Sun Dec 11 00:39:32 2016] [debug] Rendering template "mojo/debug.html.ep"
[Sun Dec 11 00:39:32 2016] [debug] Rendering template "mojo/menubar.html.ep"
[Sun Dec 11 00:39:32 2016] [debug] Your secret passphrase needs to be changed
[Sun Dec 11 00:39:32 2016] [debug] 500 Internal Server Error (0.275628s, 3.628/s)
[Sun Dec 11 00:40:33 2016] [debug] POST "/annotate/ddbj"
[Sun Dec 11 00:40:33 2016] [debug] Routing to a callback
[Sun Dec 11 00:40:34 2016] [error] Can't call method "retrieve" on an undefined value at /opt/services2/togoannot/togoannotator/WebService/../Text/TogoAnnotator.pm line 354.

[Sun Dec 11 00:40:34 2016] [debug] Template "exception.development.html.ep" not found
[Sun Dec 11 00:40:34 2016] [debug] Template "exception.html.ep" not found
[Sun Dec 11 00:40:34 2016] [debug] Rendering template "mojo/debug.html.ep"
[Sun Dec 11 00:40:34 2016] [debug] Rendering template "mojo/menubar.html.ep"
[Sun Dec 11 00:40:34 2016] [debug] Your secret passphrase needs to be changed
[Sun Dec 11 00:40:34 2016] [debug] 500 Internal Server Error (0.45602s, 2.193/s)
[Sun Dec 11 00:52:30 2016] [debug] POST "/annotate/ddbj"
[Sun Dec 11 00:52:30 2016] [debug] Routing to a callback
[Sun Dec 11 00:52:30 2016] [error] Can't call method "retrieve" on an undefined value at /opt/services2/togoannot/togoannotator/WebService/../Text/TogoAnnotator.pm line 354.

[Sun Dec 11 00:52:30 2016] [debug] Template "exception.development.html.ep" not found
[Sun Dec 11 00:52:30 2016] [debug] Template "exception.html.ep" not found
[Sun Dec 11 00:52:30 2016] [debug] Rendering template "mojo/debug.html.ep"
[Sun Dec 11 00:52:30 2016] [debug] Rendering template "mojo/menubar.html.ep"
[Sun Dec 11 00:52:30 2016] [debug] Your secret passphrase needs to be changed
[Sun Dec 11 00:52:30 2016] [debug] 500 Internal Server Error (0.284541s, 3.514/s)
[Sun Dec 11 00:53:38 2016] [debug] POST "/annotate/ddbj"
[Sun Dec 11 00:53:38 2016] [debug] Routing to a callback
[Sun Dec 11 00:53:38 2016] [error] Can't call method "retrieve" on an undefined value at /opt/services2/togoannot/togoannotator/WebService/../Text/TogoAnnotator.pm line 354.

[Sun Dec 11 00:53:38 2016] [debug] Template "exception.development.html.ep" not found
[Sun Dec 11 00:53:38 2016] [debug] Template "exception.html.ep" not found
[Sun Dec 11 00:53:38 2016] [debug] Rendering template "mojo/debug.html.ep"
[Sun Dec 11 00:53:38 2016] [debug] Rendering template "mojo/menubar.html.ep"
[Sun Dec 11 00:53:38 2016] [debug] Your secret passphrase needs to be changed
[Sun Dec 11 00:53:38 2016] [debug] 500 Internal Server Error (0.2901s, 3.447/s)
[Sun Dec 11 00:55:09 2016] [debug] POST "/annotate/ddbj"
[Sun Dec 11 00:55:09 2016] [debug] Routing to a callback
[Sun Dec 11 00:55:09 2016] [error] Can't call method "retrieve" on an undefined value at /opt/services2/togoannot/togoannotator/WebService/../Text/TogoAnnotator.pm line 354.

[Sun Dec 11 00:55:09 2016] [debug] Template "exception.development.html.ep" not found
[Sun Dec 11 00:55:09 2016] [debug] Template "exception.html.ep" not found
[Sun Dec 11 00:55:09 2016] [debug] Rendering template "mojo/debug.html.ep"
[Sun Dec 11 00:55:09 2016] [debug] Rendering template "mojo/menubar.html.ep"
[Sun Dec 11 00:55:09 2016] [debug] Your secret passphrase needs to be changed
[Sun Dec 11 00:55:09 2016] [debug] 500 Internal Server Error (0.270198s, 3.701/s)
[Sun Dec 11 01:00:42 2016] [debug] POST "/annotate/genes"
[Sun Dec 11 01:00:42 2016] [debug] Routing to a callback
[Sun Dec 11 01:00:42 2016] [debug] 200 OK (0.016231s, 61.610/s)
[Sun Dec 11 01:02:14 2016] [debug] POST "/annotate/genes"
[Sun Dec 11 01:02:14 2016] [debug] Routing to a callback
[Sun Dec 11 01:02:14 2016] [debug] 200 OK (0.016794s, 59.545/s)
[Sun Dec 11 01:03:26 2016] [debug] POST "/annotate/genes"
[Sun Dec 11 01:03:26 2016] [debug] Routing to a callback
[Sun Dec 11 01:03:26 2016] [debug] 200 OK (0.011362s, 88.013/s)
[Sun Dec 11 01:03:37 2016] [debug] GET "/annotate/gene/XXX%20protein"
[Sun Dec 11 01:03:37 2016] [debug] Routing to a callback
[Sun Dec 11 01:03:37 2016] [debug] 200 OK (0.007515s, 133.067/s)
[Sun Dec 11 01:03:51 2016] [debug] GET "/annotate/gene/XXX%20protein"
[Sun Dec 11 01:03:51 2016] [debug] Routing to a callback
[Sun Dec 11 01:03:51 2016] [debug] 200 OK (0.007823s, 127.828/s)
[Sun Dec 11 01:03:59 2016] [debug] GET "/annotate/gene/XXX%20protein"
[Sun Dec 11 01:03:59 2016] [debug] Routing to a callback
[Sun Dec 11 01:03:59 2016] [debug] 200 OK (0.008026s, 124.595/s)
[Sun Dec 11 01:04:01 2016] [debug] GET "/annotate/gene/XXX%20protein"
[Sun Dec 11 01:04:01 2016] [debug] Routing to a callback
[Sun Dec 11 01:04:01 2016] [debug] 200 OK (0.006497s, 153.917/s)
[Sun Dec 11 01:04:40 2016] [debug] GET "/annotate/gene/XXX%20protein"
[Sun Dec 11 01:04:40 2016] [debug] Routing to a callback
[Sun Dec 11 01:04:40 2016] [debug] 200 OK (0.007855s, 127.307/s)
[Sun Dec 11 01:04:45 2016] [debug] POST "/annotate/genes"
[Sun Dec 11 01:04:45 2016] [debug] Routing to a callback
[Sun Dec 11 01:04:45 2016] [debug] 200 OK (0.00612s, 163.399/s)
[Sun Dec 11 01:05:11 2016] [debug] POST "/annotate/ddbj"
[Sun Dec 11 01:05:11 2016] [debug] Routing to a callback
[Sun Dec 11 01:05:18 2016] [debug] Template "json.html.ep" not found
[Sun Dec 11 01:05:18 2016] [debug] Template "not_found.development.html.ep" not found
[Sun Dec 11 01:05:18 2016] [debug] Template "not_found.html.ep" not found
[Sun Dec 11 01:05:18 2016] [debug] Rendering template "mojo/debug.html.ep"
[Sun Dec 11 01:05:18 2016] [debug] Rendering template "mojo/menubar.html.ep"
[Sun Dec 11 01:05:18 2016] [debug] Your secret passphrase needs to be changed
[Sun Dec 11 01:05:18 2016] [debug] 404 Not Found (6.812591s, 0.147/s)
